{"/Users/willkim/whats-for-dinner/What-sForDinner/packages/express-backend/models/restaurant.js": {"path":"/Users/willkim/whats-for-dinner/What-sForDinner/packages/express-backend/models/restaurant.js","statementMap":{"0":{"start":{"line":1,"column":17},"end":{"line":1,"column":36}},"1":{"start":{"line":3,"column":25},"end":{"line":14,"column":2}},"2":{"start":{"line":16,"column":0},"end":{"line":16,"column":54}},"3":{"start":{"line":24,"column":19},"end":{"line":24,"column":67}},"4":{"start":{"line":26,"column":27},"end":{"line":29,"column":1}},"5":{"start":{"line":27,"column":25},"end":{"line":27,"column":88}},"6":{"start":{"line":28,"column":2},"end":{"line":28,"column":58}},"7":{"start":{"line":31,"column":0},"end":{"line":31,"column":51}}},"fnMap":{"0":{"name":"(anonymous_0)","decl":{"start":{"line":26,"column":27},"end":{"line":26,"column":28}},"loc":{"start":{"line":26,"column":37},"end":{"line":29,"column":1}},"line":26}},"branchMap":{},"s":{"0":1,"1":1,"2":1,"3":1,"4":1,"5":1,"6":1,"7":1},"f":{"0":1},"b":{},"_coverageSchema":"1a1c01bbd47fc00a2c39e90264f33305004495a9","hash":"ce3c33a07c03961bba8942900c434e6b82b9777d"}
,"/Users/willkim/whats-for-dinner/What-sForDinner/packages/express-backend/models/users.js": {"path":"/Users/willkim/whats-for-dinner/What-sForDinner/packages/express-backend/models/users.js","statementMap":{"0":{"start":{"line":1,"column":26},"end":{"line":1,"column":45}},"1":{"start":{"line":3,"column":19},"end":{"line":15,"column":2}},"2":{"start":{"line":17,"column":0},"end":{"line":17,"column":48}},"3":{"start":{"line":19,"column":14},"end":{"line":19,"column":39}},"4":{"start":{"line":21,"column":0},"end":{"line":21,"column":23}}},"fnMap":{},"branchMap":{},"s":{"0":1,"1":1,"2":1,"3":1,"4":1},"f":{},"b":{},"_coverageSchema":"1a1c01bbd47fc00a2c39e90264f33305004495a9","hash":"a3dea76e8644616fe41159ced69444231c837206"}
}
